<?xml version="1.0" encoding="UTF-8"?>
<!-- Generated by org.testng.reporters.JUnitReportReporter -->
<testsuite skipped="0" hostname="Jasons-MacBook-Pro.local" name="tests.ToDo_Android" tests="2" failures="0" timestamp="12 Apr 2024 01:15:16 GMT" time="22.588" errors="0">
  <testcase name="test_add_task" time="10.332" classname="tests.ToDo_Android"/>
  <testcase name="test_add_task" time="12.256" classname="tests.ToDo_Android"/>
</testsuite> <!-- tests.ToDo_Android -->
